2025-04-10 00:55:48 [INFO]: Server running on port 3000
2025-04-10 00:55:48 [INFO]: Chat unlocks data migrated successfully for bidirectional blocking
2025-04-10 00:55:48 [INFO]: Server initialization completed
2025-04-10 00:55:57 [WARN]: Ошибка авторизации для /api/isAdmin, telegramData: 
2025-04-10 00:55:57 [INFO]: Request: GET /api/isAdmin | Body: {} | Response: {"error":"Unauthorized"} | Status: 401 | Duration: 2ms
2025-04-10 00:55:57 [INFO]: Request: GET /api/favorites | Body: {} | Response: {"error":"Unauthorized"} | Status: 401 | Duration: 1ms
2025-04-10 00:55:57 [INFO]: Request: GET /api/vacancies | Body: {} | Response: [{"id":"1741277006546_1940359844","adminId":1940359844,"companyUserId":1234,"companyName":"Workiks","position":"Workiks","description":"Workiks","requirements":["12"],"tags":["12"],"categories":["design"],"contact":"https://t.me/GW_NEON","officialWebsite":"https://telegram.org/","verified":true,"photoUrl":"https://i.postimg.cc/CxW2KR5Z/5.png","createdAt":"2025-03-06T16:03:26.546Z","pinned":true}] | Status: 200 | Duration: 0ms
2025-04-10 00:55:57 [INFO]: Request: GET /api/tasks | Body: {} | Response: [{"id":"1741479392455_1940359844","adminId":1940359844,"title":"2345","reward":1234,"deadline":"2025-03-09","description":"1234","tags":["123"],"categories":["it"],"contact":"https://t.me/workiks_admin","photoUrl":"https://i.postimg.cc/Yq9BtRJH/tasks.webp","createdAt":"2025-03-09T00:16:32.455Z","pinned":false},{"id":"1743806949876_881335801","adminId":881335801,"title":"продажа людей","reward":999,"deadline":"2025-04-05","description":"продаем людей\n","tags":["люди","финансы","дипломатия","бизнес"],"categories":["finance"],"contact":"https://t.me/workiks_admin","photoUrl":"https://i.postimg.cc/Yq9BtRJH/tasks.webp","createdAt":"2025-04-04T22:49:09.876Z","pinned":true}] | Status: 200 | Duration: 0ms
2025-04-10 00:55:57 [WARN]: Ошибка авторизации для /api/jobs, telegramData: 
2025-04-10 00:55:57 [INFO]: Request: GET /api/jobs | Body: {} | Response: {"error":"Unauthorized"} | Status: 401 | Duration: 0ms
2025-04-10 00:55:57 [WARN]: Ошибка авторизации для /api/chats, telegramData: 
2025-04-10 00:55:57 [INFO]: Request: GET /api/chats | Body: {} | Response: {"error":"Unauthorized"} | Status: 401 | Duration: 1ms
2025-04-10 01:07:31 [WARN]: Маршрут не найден: GET /
2025-04-10 01:07:31 [INFO]: Request: GET / | Body: {} | Response: {"error":"Ресурс не найден"} | Status: 404 | Duration: 8ms
2025-04-10 01:07:31 [WARN]: Маршрут не найден: GET /
2025-04-10 01:07:31 [INFO]: Request: GET / | Body: {} | Response: {"error":"Ресурс не найден"} | Status: 404 | Duration: 1ms
2025-04-10 01:29:09 [INFO]: Server running on port 3000
2025-04-10 01:29:09 [INFO]: Chat unlocks data migrated successfully for bidirectional blocking
2025-04-10 01:29:09 [INFO]: Server initialization completed
2025-04-10 01:29:16 [ERROR]: Telegram API error for user default_user_hmjr7yv9g: Call to 'getUserProfilePhotos' failed! (400: Bad Request: invalid user_id specified)
2025-04-10 01:29:16 [INFO]: Request: GET /api/user/default_user_hmjr7yv9g/avatar | Body: {} | Response: {"photoUrl":"https://i.postimg.cc/3RcrzSdP/2d29f4d64bf746a8c6e55370c9a224c0.webp"} | Status: 200 | Duration: 50ms
2025-04-10 01:29:16 [INFO]: Request: POST /api/vacancies | Body: {"initDataRaw":"user=%7B%22id%22%3A1940359844%2C%22first_name%22%3A%22Danya%22%2C%22last_name%22%3A%22%22%2C%22username%22%3A%22listpull%22%2C%22language_code%22%3A%22ru%22%2C%22is_premium%22%3Atrue%2C%22allows_write_to_pm%22%3Atrue%2C%22photo_url%22%3A%22https%3A%5C%2F%5C%2Ft.me%5C%2Fi%5C%2Fuserpic%5C%2F320%5C%2Fenxne9jpRy6xuxPZIL7dsYL3kUVCZ117ayYNil960ig.svg%22%7D&chat_instance=-8937943546197015904&chat_type=channel&auth_date=1744235756&signature=uswQlzbJgZ5j06OjUjQKzwzRBEC-mHgnNw0FbljWvETczYnRbtJ_1olLwiXXuvqEZffJq9zHJynuavFEzgK3BA&hash=73984883b93bd3a7304c4fa5f8300fe04396143e18bcced9d57f933f3d6a0167"} | Response: {"error":"Unauthorized"} | Status: 401 | Duration: 19ms
2025-04-10 01:29:16 [INFO]: Request: POST /api/jobs | Body: {"initDataRaw":"user=%7B%22id%22%3A1940359844%2C%22first_name%22%3A%22Danya%22%2C%22last_name%22%3A%22%22%2C%22username%22%3A%22listpull%22%2C%22language_code%22%3A%22ru%22%2C%22is_premium%22%3Atrue%2C%22allows_write_to_pm%22%3Atrue%2C%22photo_url%22%3A%22https%3A%5C%2F%5C%2Ft.me%5C%2Fi%5C%2Fuserpic%5C%2F320%5C%2Fenxne9jpRy6xuxPZIL7dsYL3kUVCZ117ayYNil960ig.svg%22%7D&chat_instance=-8937943546197015904&chat_type=channel&auth_date=1744235756&signature=uswQlzbJgZ5j06OjUjQKzwzRBEC-mHgnNw0FbljWvETczYnRbtJ_1olLwiXXuvqEZffJq9zHJynuavFEzgK3BA&hash=73984883b93bd3a7304c4fa5f8300fe04396143e18bcced9d57f933f3d6a0167"} | Response: {"error":"Unauthorized"} | Status: 401 | Duration: 1ms
2025-04-10 01:29:16 [WARN]: Маршрут не найден: POST /api/isAdmin
2025-04-10 01:29:16 [INFO]: Request: POST /api/isAdmin | Body: {"initDataRaw":"user=%7B%22id%22%3A1940359844%2C%22first_name%22%3A%22Danya%22%2C%22last_name%22%3A%22%22%2C%22username%22%3A%22listpull%22%2C%22language_code%22%3A%22ru%22%2C%22is_premium%22%3Atrue%2C%22allows_write_to_pm%22%3Atrue%2C%22photo_url%22%3A%22https%3A%5C%2F%5C%2Ft.me%5C%2Fi%5C%2Fuserpic%5C%2F320%5C%2Fenxne9jpRy6xuxPZIL7dsYL3kUVCZ117ayYNil960ig.svg%22%7D&chat_instance=-8937943546197015904&chat_type=channel&auth_date=1744235756&signature=uswQlzbJgZ5j06OjUjQKzwzRBEC-mHgnNw0FbljWvETczYnRbtJ_1olLwiXXuvqEZffJq9zHJynuavFEzgK3BA&hash=73984883b93bd3a7304c4fa5f8300fe04396143e18bcced9d57f933f3d6a0167"} | Response: {"error":"Ресурс не найден"} | Status: 404 | Duration: 2ms
2025-04-10 01:29:16 [INFO]: Request: POST /api/tasks | Body: {"initDataRaw":"user=%7B%22id%22%3A1940359844%2C%22first_name%22%3A%22Danya%22%2C%22last_name%22%3A%22%22%2C%22username%22%3A%22listpull%22%2C%22language_code%22%3A%22ru%22%2C%22is_premium%22%3Atrue%2C%22allows_write_to_pm%22%3Atrue%2C%22photo_url%22%3A%22https%3A%5C%2F%5C%2Ft.me%5C%2Fi%5C%2Fuserpic%5C%2F320%5C%2Fenxne9jpRy6xuxPZIL7dsYL3kUVCZ117ayYNil960ig.svg%22%7D&chat_instance=-8937943546197015904&chat_type=channel&auth_date=1744235756&signature=uswQlzbJgZ5j06OjUjQKzwzRBEC-mHgnNw0FbljWvETczYnRbtJ_1olLwiXXuvqEZffJq9zHJynuavFEzgK3BA&hash=73984883b93bd3a7304c4fa5f8300fe04396143e18bcced9d57f933f3d6a0167"} | Response: {"error":"Unauthorized"} | Status: 401 | Duration: 1ms
2025-04-10 01:29:16 [WARN]: Маршрут не найден: POST /api/favorites
2025-04-10 01:29:16 [INFO]: Request: POST /api/favorites | Body: {"initDataRaw":"user=%7B%22id%22%3A1940359844%2C%22first_name%22%3A%22Danya%22%2C%22last_name%22%3A%22%22%2C%22username%22%3A%22listpull%22%2C%22language_code%22%3A%22ru%22%2C%22is_premium%22%3Atrue%2C%22allows_write_to_pm%22%3Atrue%2C%22photo_url%22%3A%22https%3A%5C%2F%5C%2Ft.me%5C%2Fi%5C%2Fuserpic%5C%2F320%5C%2Fenxne9jpRy6xuxPZIL7dsYL3kUVCZ117ayYNil960ig.svg%22%7D&chat_instance=-8937943546197015904&chat_type=channel&auth_date=1744235756&signature=uswQlzbJgZ5j06OjUjQKzwzRBEC-mHgnNw0FbljWvETczYnRbtJ_1olLwiXXuvqEZffJq9zHJynuavFEzgK3BA&hash=73984883b93bd3a7304c4fa5f8300fe04396143e18bcced9d57f933f3d6a0167"} | Response: {"error":"Ресурс не найден"} | Status: 404 | Duration: 1ms
2025-04-10 01:29:16 [WARN]: Маршрут не найден: POST /api/chats
2025-04-10 01:29:16 [INFO]: Request: POST /api/chats | Body: {"initDataRaw":"user=%7B%22id%22%3A1940359844%2C%22first_name%22%3A%22Danya%22%2C%22last_name%22%3A%22%22%2C%22username%22%3A%22listpull%22%2C%22language_code%22%3A%22ru%22%2C%22is_premium%22%3Atrue%2C%22allows_write_to_pm%22%3Atrue%2C%22photo_url%22%3A%22https%3A%5C%2F%5C%2Ft.me%5C%2Fi%5C%2Fuserpic%5C%2F320%5C%2Fenxne9jpRy6xuxPZIL7dsYL3kUVCZ117ayYNil960ig.svg%22%7D&chat_instance=-8937943546197015904&chat_type=channel&auth_date=1744235756&signature=uswQlzbJgZ5j06OjUjQKzwzRBEC-mHgnNw0FbljWvETczYnRbtJ_1olLwiXXuvqEZffJq9zHJynuavFEzgK3BA&hash=73984883b93bd3a7304c4fa5f8300fe04396143e18bcced9d57f933f3d6a0167"} | Response: {"error":"Ресурс не найден"} | Status: 404 | Duration: 1ms
2025-04-10 01:39:11 [ERROR]: Unhandled Rejection: GrammyError: Call to 'getUpdates' failed! (409: Conflict: terminated by other getUpdates request; make sure that only one bot instance is running)
